<?xml version="1.0" encoding="UTF-8"?>
<!-- Generated by org.testng.reporters.JUnitReportReporter -->
<testsuite hostname="DESKTOP-63SONG1" failures="0" tests="5" name="testCases.TC003_DataDrivenTest" time="22.034" errors="0" timestamp="2025-05-18T17:24:43 IST" skipped="0">
  <testcase classname="testCases.TC003_DataDrivenTest" name="verify_loginDDT" time="2.458"/>
  <testcase classname="testCases.TC003_DataDrivenTest" name="verify_loginDDT" time="12.038"/>
  <testcase classname="testCases.TC003_DataDrivenTest" name="verify_loginDDT" time="2.694"/>
  <testcase classname="testCases.TC003_DataDrivenTest" name="verify_loginDDT" time="2.877"/>
  <testcase classname="testCases.TC003_DataDrivenTest" name="verify_loginDDT" time="1.967"/>
</testsuite> <!-- testCases.TC003_DataDrivenTest -->
