<?xml version="1.0" encoding="UTF-8"?>
<!-- Generated by org.testng.reporters.JUnitReportReporter -->
<testsuite hostname="DESKTOP-63SONG1" failures="0" tests="2" name="testCases.TC002_LoginPage" time="5.719" errors="0" timestamp="2025-05-21T22:49:31 IST" skipped="0">
  <testcase classname="testCases.TC002_LoginPage" name="verify_login" time="3.452"/>
  <testcase classname="testCases.TC002_LoginPage" name="verify_login" time="2.267"/>
</testsuite> <!-- testCases.TC002_LoginPage -->
