<?xml version="1.0" encoding="UTF-8"?>
<!-- Generated by org.testng.reporters.JUnitReportReporter -->
<testsuite hostname="DESKTOP-63SONG1" failures="0" tests="2" name="testCases.TC001_AccountRegistrationTest" time="7.656" errors="0" timestamp="2025-05-21T22:49:31 IST" skipped="0">
  <testcase classname="testCases.TC001_AccountRegistrationTest" name="verify_account_registration" time="3.080"/>
  <testcase classname="testCases.TC001_AccountRegistrationTest" name="verify_account_registration" time="4.576"/>
</testsuite> <!-- testCases.TC001_AccountRegistrationTest -->
