<?xml version="1.0" encoding="UTF-8"?>
<!-- Generated by org.testng.reporters.JUnitReportReporter -->
<testsuite hostname="DESKTOP-63SONG1" failures="0" tests="1" name="testCases.TC001_AccountRegistrationTest" time="2.135" errors="0" timestamp="2025-05-24T14:17:55 IST" skipped="0">
  <testcase classname="testCases.TC001_AccountRegistrationTest" name="verify_account_registration" time="2.135"/>
</testsuite> <!-- testCases.TC001_AccountRegistrationTest -->
