<?xml version="1.0" encoding="UTF-8"?>
<!-- Generated by org.testng.reporters.JUnitReportReporter -->
<testsuite hostname="DESKTOP-63SONG1" failures="0" tests="1" name="testCases.TC001_AccountRegistrationTest" time="3.622" errors="0" timestamp="2025-05-22T15:29:04 IST" skipped="0">
  <testcase classname="testCases.TC001_AccountRegistrationTest" name="verify_account_registration" time="3.622"/>
</testsuite> <!-- testCases.TC001_AccountRegistrationTest -->
